<?xml version="1.0" encoding="UTF-8"?>
<coverage generated="1739687657582" clover="3.2.0">
  <project timestamp="1739687657582" name="All files">
    <metrics statements="44" coveredstatements="35" conditionals="21" coveredconditionals="17" methods="10" coveredmethods="7" elements="75" coveredelements="59" complexity="0" loc="44" ncloc="44" packages="3" files="4" classes="4"/>
    <package name="lib">
      <metrics statements="3" coveredstatements="3" conditionals="0" coveredconditionals="0" methods="0" coveredmethods="0"/>
      <file name="constants.ts" path="D:\Desktop\Code\h-trackpoint\trackpoint-sdk\lib\constants.ts">
        <metrics statements="3" coveredstatements="3" conditionals="0" coveredconditionals="0" methods="0" coveredmethods="0"/>
        <line num="6" count="1" type="stmt"/>
        <line num="10" count="1" type="stmt"/>
        <line num="14" count="1" type="stmt"/>
      </file>
    </package>
    <package name="lib.impl">
      <metrics statements="22" coveredstatements="14" conditionals="5" coveredconditionals="3" methods="5" coveredmethods="2"/>
      <file name="http.ts" path="D:\Desktop\Code\h-trackpoint\trackpoint-sdk\lib\impl\http.ts">
        <metrics statements="22" coveredstatements="14" conditionals="5" coveredconditionals="3" methods="5" coveredmethods="2"/>
        <line num="4" count="1" type="stmt"/>
        <line num="5" count="1" type="stmt"/>
        <line num="14" count="1" type="stmt"/>
        <line num="15" count="1" type="stmt"/>
        <line num="23" count="1" type="stmt"/>
        <line num="30" count="1" type="stmt"/>
        <line num="31" count="2" type="stmt"/>
        <line num="32" count="2" type="stmt"/>
        <line num="34" count="1" type="cond" truecount="3" falsecount="0"/>
        <line num="36" count="1" type="stmt"/>
        <line num="37" count="1" type="cond" truecount="0" falsecount="1"/>
        <line num="38" count="0" type="stmt"/>
        <line num="42" count="1" type="stmt"/>
        <line num="44" count="1" type="stmt"/>
        <line num="52" count="1" type="stmt"/>
        <line num="53" count="0" type="stmt"/>
        <line num="54" count="0" type="stmt"/>
        <line num="55" count="0" type="cond" truecount="0" falsecount="1"/>
        <line num="56" count="0" type="stmt"/>
        <line num="57" count="0" type="stmt"/>
        <line num="58" count="0" type="stmt"/>
        <line num="59" count="0" type="stmt"/>
      </file>
    </package>
    <package name="lib.util">
      <metrics statements="19" coveredstatements="18" conditionals="16" coveredconditionals="14" methods="5" coveredmethods="5"/>
      <file name="event-register.ts" path="D:\Desktop\Code\h-trackpoint\trackpoint-sdk\lib\util\event-register.ts">
        <metrics statements="4" coveredstatements="4" conditionals="8" coveredconditionals="7" methods="2" coveredmethods="2"/>
        <line num="9" count="1" type="stmt"/>
        <line num="14" count="4" type="stmt"/>
        <line num="15" count="4" type="stmt"/>
        <line num="16" count="4" type="stmt"/>
      </file>
      <file name="register.ts" path="D:\Desktop\Code\h-trackpoint\trackpoint-sdk\lib\util\register.ts">
        <metrics statements="15" coveredstatements="14" conditionals="8" coveredconditionals="7" methods="3" coveredmethods="3"/>
        <line num="1" count="1" type="stmt"/>
        <line num="4" count="1" type="stmt"/>
        <line num="14" count="6" type="stmt"/>
        <line num="15" count="10" type="cond" truecount="0" falsecount="1"/>
        <line num="16" count="0" type="stmt"/>
        <line num="19" count="6" type="stmt"/>
        <line num="26" count="3" type="stmt"/>
        <line num="27" count="3" type="cond" truecount="1" falsecount="0"/>
        <line num="28" count="2" type="stmt"/>
        <line num="29" count="2" type="stmt"/>
        <line num="30" count="2" type="stmt"/>
        <line num="36" count="1" type="stmt"/>
        <line num="37" count="3" type="stmt"/>
        <line num="38" count="3" type="stmt"/>
        <line num="40" count="3" type="stmt"/>
      </file>
    </package>
  </project>
</coverage>
