TN:
SF:lib\constants.ts
FNF:0
FNH:0
DA:6,1
DA:10,1
DA:14,1
LF:3
LH:3
BRF:0
BRH:0
end_of_record
TN:
SF:lib\impl\http.ts
FN:14,reqRegister
FN:30,reqSendEvents
FN:52,reqSendScreenshot
FN:53,(anonymous_3)
FN:54,(anonymous_4)
FNF:5
FNH:2
FNDA:1,reqRegister
FNDA:2,reqSendEvents
FNDA:0,reqSendScreenshot
FNDA:0,(anonymous_3)
FNDA:0,(anonymous_4)
DA:4,1
DA:5,1
DA:14,1
DA:15,1
DA:23,1
DA:30,1
DA:31,2
DA:32,2
DA:34,1
DA:36,1
DA:37,1
DA:38,0
DA:42,1
DA:44,1
DA:52,1
DA:53,0
DA:54,0
DA:55,0
DA:56,0
DA:57,0
DA:58,0
DA:59,0
LF:22
LH:14
BRDA:34,0,0,1
BRDA:34,1,0,1
BRDA:34,1,1,1
BRDA:37,2,0,0
BRDA:55,3,0,0
BRF:5
BRH:3
end_of_record
TN:
SF:lib\util\event-register.ts
FN:9,register
FN:14,(anonymous_1)
FNF:2
FNH:2
FNDA:4,register
FNDA:4,(anonymous_1)
DA:9,1
DA:14,4
DA:15,4
DA:16,4
LF:4
LH:4
BRDA:19,0,0,4
BRDA:19,0,1,0
BRDA:22,1,0,4
BRDA:22,1,1,4
BRDA:23,2,0,4
BRDA:23,2,1,4
BRDA:24,3,0,4
BRDA:24,3,1,4
BRF:8
BRH:7
end_of_record
TN:
SF:lib\util\register.ts
FN:13,extractData
FN:25,getUserUid
FN:36,getUserBaseInfo
FNF:3
FNH:3
FNDA:6,extractData
FNDA:3,getUserUid
FNDA:3,getUserBaseInfo
DA:1,1
DA:4,1
DA:14,6
DA:15,10
DA:16,0
DA:19,6
DA:26,3
DA:27,3
DA:28,2
DA:29,2
DA:30,2
DA:36,1
DA:37,3
DA:38,3
DA:40,3
LF:15
LH:14
BRDA:15,0,0,0
BRDA:27,1,0,1
BRDA:43,2,0,3
BRDA:43,2,1,1
BRDA:45,3,0,3
BRDA:45,3,1,1
BRDA:46,4,0,3
BRDA:46,4,1,1
BRF:8
BRH:7
end_of_record
