<?xml version="1.0" encoding="UTF-8"?>
<coverage generated="1740547162995" clover="3.2.0">
  <project timestamp="1740547162995" name="All files">
    <metrics statements="43" coveredstatements="41" conditionals="25" coveredconditionals="20" methods="12" coveredmethods="12" elements="80" coveredelements="73" complexity="0" loc="43" ncloc="43" packages="3" files="4" classes="4"/>
    <package name="lib">
      <metrics statements="3" coveredstatements="3" conditionals="0" coveredconditionals="0" methods="0" coveredmethods="0"/>
      <file name="constants.ts" path="F:\Desktop\新建文件夹\lib\constants.ts">
        <metrics statements="3" coveredstatements="3" conditionals="0" coveredconditionals="0" methods="0" coveredmethods="0"/>
        <line num="6" count="1" type="stmt"/>
        <line num="10" count="1" type="stmt"/>
        <line num="14" count="1" type="stmt"/>
      </file>
    </package>
    <package name="lib.impl">
      <metrics statements="21" coveredstatements="20" conditionals="9" coveredconditionals="6" methods="7" coveredmethods="7"/>
      <file name="http.ts" path="F:\Desktop\新建文件夹\lib\impl\http.ts">
        <metrics statements="21" coveredstatements="20" conditionals="9" coveredconditionals="6" methods="7" coveredmethods="7"/>
        <line num="4" count="1" type="stmt"/>
        <line num="5" count="1" type="stmt"/>
        <line num="15" count="1" type="stmt"/>
        <line num="19" count="1" type="stmt"/>
        <line num="24" count="1" type="stmt"/>
        <line num="34" count="1" type="stmt"/>
        <line num="35" count="2" type="stmt"/>
        <line num="36" count="2" type="stmt"/>
        <line num="41" count="1" type="cond" truecount="0" falsecount="1"/>
        <line num="47" count="0" type="stmt"/>
        <line num="49" count="1" type="stmt"/>
        <line num="51" count="1" type="stmt"/>
        <line num="59" count="1" type="stmt"/>
        <line num="60" count="1" type="stmt"/>
        <line num="61" count="1" type="stmt"/>
        <line num="62" count="1" type="cond" truecount="1" falsecount="0"/>
        <line num="63" count="1" type="stmt"/>
        <line num="64" count="1" type="stmt"/>
        <line num="65" count="1" type="stmt"/>
        <line num="66" count="2" type="stmt"/>
        <line num="68" count="1" type="stmt"/>
      </file>
    </package>
    <package name="lib.util">
      <metrics statements="19" coveredstatements="18" conditionals="16" coveredconditionals="14" methods="5" coveredmethods="5"/>
      <file name="event-register.ts" path="F:\Desktop\新建文件夹\lib\util\event-register.ts">
        <metrics statements="4" coveredstatements="4" conditionals="8" coveredconditionals="7" methods="2" coveredmethods="2"/>
        <line num="9" count="1" type="stmt"/>
        <line num="14" count="4" type="stmt"/>
        <line num="15" count="4" type="stmt"/>
        <line num="16" count="4" type="stmt"/>
      </file>
      <file name="register.ts" path="F:\Desktop\新建文件夹\lib\util\register.ts">
        <metrics statements="15" coveredstatements="14" conditionals="8" coveredconditionals="7" methods="3" coveredmethods="3"/>
        <line num="1" count="1" type="stmt"/>
        <line num="4" count="1" type="stmt"/>
        <line num="14" count="6" type="stmt"/>
        <line num="15" count="10" type="cond" truecount="0" falsecount="1"/>
        <line num="16" count="0" type="stmt"/>
        <line num="19" count="6" type="stmt"/>
        <line num="26" count="3" type="stmt"/>
        <line num="27" count="3" type="cond" truecount="1" falsecount="0"/>
        <line num="28" count="2" type="stmt"/>
        <line num="29" count="2" type="stmt"/>
        <line num="30" count="2" type="stmt"/>
        <line num="36" count="1" type="stmt"/>
        <line num="37" count="3" type="stmt"/>
        <line num="38" count="3" type="stmt"/>
        <line num="40" count="3" type="stmt"/>
      </file>
    </package>
  </project>
</coverage>
