{"F:\\Desktop\\新建文件夹\\lib\\constants.ts": {"path":"F:\\Desktop\\新建文件夹\\lib\\constants.ts","statementMap":{"0":{"start":{"line":6,"column":13},"end":{"line":6,"column":59}},"1":{"start":{"line":10,"column":13},"end":{"line":10,"column":57}},"2":{"start":{"line":14,"column":13},"end":{"line":22,"column":2}}},"fnMap":{},"branchMap":{},"s":{"0":1,"1":1,"2":1},"f":{},"b":{}}
,"F:\\Desktop\\新建文件夹\\lib\\impl\\http.ts": {"path":"F:\\Desktop\\新建文件夹\\lib\\impl\\http.ts","statementMap":{"0":{"start":{"line":15,"column":0},"end":{"line":15,"column":22}},"1":{"start":{"line":34,"column":0},"end":{"line":34,"column":22}},"2":{"start":{"line":59,"column":0},"end":{"line":59,"column":22}},"3":{"start":{"line":4,"column":0},"end":{"line":4,"column":37}},"4":{"start":{"line":5,"column":0},"end":{"line":5,"column":41}},"5":{"start":{"line":19,"column":12},"end":{"line":22,"column":null}},"6":{"start":{"line":24,"column":2},"end":{"line":27,"column":null}},"7":{"start":{"line":35,"column":2},"end":{"line":52,"column":3}},"8":{"start":{"line":36,"column":17},"end":{"line":38,"column":null}},"9":{"start":{"line":41,"column":4},"end":{"line":48,"column":5}},"10":{"start":{"line":47,"column":6},"end":{"line":47,"column":null}},"11":{"start":{"line":49,"column":4},"end":{"line":49,"column":null}},"12":{"start":{"line":51,"column":4},"end":{"line":51,"column":null}},"13":{"start":{"line":60,"column":2},"end":{"line":71,"column":null}},"14":{"start":{"line":61,"column":4},"end":{"line":70,"column":null}},"15":{"start":{"line":61,"column":30},"end":{"line":70,"column":6}},"16":{"start":{"line":62,"column":6},"end":{"line":69,"column":7}},"17":{"start":{"line":63,"column":25},"end":{"line":63,"column":39}},"18":{"start":{"line":64,"column":8},"end":{"line":64,"column":null}},"19":{"start":{"line":65,"column":8},"end":{"line":67,"column":null}},"20":{"start":{"line":66,"column":10},"end":{"line":66,"column":null}},"21":{"start":{"line":68,"column":8},"end":{"line":68,"column":null}}},"fnMap":{"0":{"name":"reqRegister","decl":{"start":{"line":15,"column":22},"end":{"line":15,"column":33}},"loc":{"start":{"line":17,"column":24},"end":{"line":28,"column":null}}},"1":{"name":"reqSendEvents","decl":{"start":{"line":34,"column":22},"end":{"line":34,"column":35}},"loc":{"start":{"line":34,"column":64},"end":{"line":53,"column":null}}},"2":{"name":"reqSendScreenshot","decl":{"start":{"line":59,"column":22},"end":{"line":59,"column":39}},"loc":{"start":{"line":59,"column":54},"end":{"line":72,"column":null}}},"3":{"name":"(anonymous_14)","decl":{"start":{"line":60,"column":45},"end":{"line":60,"column":46}},"loc":{"start":{"line":60,"column":56},"end":{"line":71,"column":3}}},"4":{"name":"(anonymous_15)","decl":{"start":{"line":61,"column":18},"end":{"line":61,"column":25}},"loc":{"start":{"line":61,"column":30},"end":{"line":70,"column":6}}},"5":{"name":"(anonymous_16)","decl":{"start":{"line":61,"column":30},"end":{"line":61,"column":null}},"loc":{"start":{"line":61,"column":30},"end":{"line":70,"column":5}}},"6":{"name":"(anonymous_17)","decl":{"start":{"line":65,"column":21},"end":{"line":65,"column":22}},"loc":{"start":{"line":65,"column":29},"end":{"line":67,"column":9}}}},"branchMap":{"0":{"loc":{"start":{"line":41,"column":4},"end":{"line":48,"column":5}},"type":"if","locations":[{"start":{"line":41,"column":4},"end":{"line":48,"column":5}}]},"1":{"loc":{"start":{"line":42,"column":6},"end":{"line":44,"column":42}},"type":"binary-expr","locations":[{"start":{"line":42,"column":6},"end":{"line":42,"column":28}},{"start":{"line":43,"column":6},"end":{"line":43,"column":38}},{"start":{"line":44,"column":6},"end":{"line":44,"column":42}}]},"2":{"loc":{"start":{"line":43,"column":6},"end":{"line":43,"column":38}},"type":"cond-expr","locations":[{"start":{"line":43,"column":20},"end":{"line":43,"column":22}},{"start":{"line":43,"column":20},"end":{"line":43,"column":38}}]},"3":{"loc":{"start":{"line":43,"column":6},"end":{"line":43,"column":22}},"type":"binary-expr","locations":[{"start":{"line":43,"column":6},"end":{"line":43,"column":22}},{"start":{"line":43,"column":20},"end":{"line":43,"column":22}}]},"4":{"loc":{"start":{"line":62,"column":6},"end":{"line":69,"column":7}},"type":"if","locations":[{"start":{"line":62,"column":6},"end":{"line":69,"column":7}}]}},"s":{"0":1,"1":1,"2":1,"3":1,"4":1,"5":1,"6":1,"7":2,"8":2,"9":1,"10":0,"11":1,"12":1,"13":1,"14":1,"15":1,"16":1,"17":1,"18":1,"19":1,"20":2,"21":1},"f":{"0":1,"1":2,"2":1,"3":1,"4":1,"5":1,"6":2},"b":{"0":[0],"1":[1,1,0],"2":[0,1],"3":[1,1],"4":[1]}}
,"F:\\Desktop\\新建文件夹\\lib\\util\\event-register.ts": {"path":"F:\\Desktop\\新建文件夹\\lib\\util\\event-register.ts","statementMap":{"0":{"start":{"line":9,"column":0},"end":{"line":9,"column":16}},"1":{"start":{"line":14,"column":2},"end":{"line":30,"column":5}},"2":{"start":{"line":15,"column":19},"end":{"line":15,"column":42}},"3":{"start":{"line":16,"column":4},"end":{"line":29,"column":7}}},"fnMap":{"0":{"name":"register","decl":{"start":{"line":9,"column":16},"end":{"line":9,"column":24}},"loc":{"start":{"line":12,"column":45},"end":{"line":31,"column":1}}},"1":{"name":"(anonymous_1)","decl":{"start":{"line":14,"column":38},"end":{"line":14,"column":39}},"loc":{"start":{"line":14,"column":51},"end":{"line":30,"column":3}}}},"branchMap":{"0":{"loc":{"start":{"line":19,"column":19},"end":{"line":19,"column":34}},"type":"binary-expr","locations":[{"start":{"line":19,"column":19},"end":{"line":19,"column":28}},{"start":{"line":19,"column":32},"end":{"line":19,"column":34}}]},"1":{"loc":{"start":{"line":22,"column":21},"end":{"line":22,"column":45}},"type":"binary-expr","locations":[{"start":{"line":22,"column":21},"end":{"line":22,"column":39}},{"start":{"line":22,"column":43},"end":{"line":22,"column":45}}]},"2":{"loc":{"start":{"line":23,"column":23},"end":{"line":23,"column":62}},"type":"binary-expr","locations":[{"start":{"line":23,"column":23},"end":{"line":23,"column":56}},{"start":{"line":23,"column":60},"end":{"line":23,"column":62}}]},"3":{"loc":{"start":{"line":24,"column":22},"end":{"line":24,"column":61}},"type":"binary-expr","locations":[{"start":{"line":24,"column":22},"end":{"line":24,"column":55}},{"start":{"line":24,"column":59},"end":{"line":24,"column":61}}]}},"s":{"0":1,"1":4,"2":4,"3":4},"f":{"0":4,"1":4},"b":{"0":[4,0],"1":[4,4],"2":[4,4],"3":[4,4]}}
,"F:\\Desktop\\新建文件夹\\lib\\util\\register.ts": {"path":"F:\\Desktop\\新建文件夹\\lib\\util\\register.ts","statementMap":{"0":{"start":{"line":36,"column":0},"end":{"line":36,"column":22}},"1":{"start":{"line":1,"column":0},"end":{"line":1,"column":52}},"2":{"start":{"line":4,"column":0},"end":{"line":4,"column":54}},"3":{"start":{"line":14,"column":2},"end":{"line":18,"column":3}},"4":{"start":{"line":15,"column":4},"end":{"line":17,"column":5}},"5":{"start":{"line":16,"column":6},"end":{"line":16,"column":31}},"6":{"start":{"line":19,"column":2},"end":{"line":19,"column":13}},"7":{"start":{"line":26,"column":14},"end":{"line":26,"column":58}},"8":{"start":{"line":27,"column":2},"end":{"line":27,"column":22}},"9":{"start":{"line":27,"column":11},"end":{"line":27,"column":22}},"10":{"start":{"line":28,"column":17},"end":{"line":28,"column":36}},"11":{"start":{"line":29,"column":2},"end":{"line":29,"column":55}},"12":{"start":{"line":30,"column":2},"end":{"line":30,"column":16}},"13":{"start":{"line":37,"column":17},"end":{"line":37,"column":31}},"14":{"start":{"line":38,"column":18},"end":{"line":38,"column":50}},"15":{"start":{"line":40,"column":2},"end":{"line":48,"column":4}}},"fnMap":{"0":{"name":"extractData","decl":{"start":{"line":13,"column":9},"end":{"line":13,"column":20}},"loc":{"start":{"line":13,"column":55},"end":{"line":20,"column":1}}},"1":{"name":"getUserUid","decl":{"start":{"line":25,"column":9},"end":{"line":25,"column":19}},"loc":{"start":{"line":25,"column":19},"end":{"line":31,"column":1}}},"2":{"name":"getUserBaseInfo","decl":{"start":{"line":36,"column":22},"end":{"line":36,"column":37}},"loc":{"start":{"line":36,"column":37},"end":{"line":49,"column":null}}}},"branchMap":{"0":{"loc":{"start":{"line":15,"column":4},"end":{"line":17,"column":5}},"type":"if","locations":[{"start":{"line":15,"column":4},"end":{"line":17,"column":5}}]},"1":{"loc":{"start":{"line":27,"column":2},"end":{"line":27,"column":22}},"type":"if","locations":[{"start":{"line":27,"column":2},"end":{"line":27,"column":22}}]},"2":{"loc":{"start":{"line":43,"column":12},"end":{"line":43,"column":43}},"type":"binary-expr","locations":[{"start":{"line":43,"column":12},"end":{"line":43,"column":35}},{"start":{"line":43,"column":39},"end":{"line":43,"column":43}}]},"3":{"loc":{"start":{"line":45,"column":12},"end":{"line":45,"column":37}},"type":"binary-expr","locations":[{"start":{"line":45,"column":12},"end":{"line":45,"column":24}},{"start":{"line":45,"column":28},"end":{"line":45,"column":37}}]},"4":{"loc":{"start":{"line":46,"column":15},"end":{"line":46,"column":37}},"type":"binary-expr","locations":[{"start":{"line":46,"column":15},"end":{"line":46,"column":30}},{"start":{"line":46,"column":34},"end":{"line":46,"column":37}}]}},"s":{"0":1,"1":1,"2":1,"3":6,"4":10,"5":0,"6":6,"7":3,"8":3,"9":1,"10":2,"11":2,"12":2,"13":3,"14":3,"15":3},"f":{"0":6,"1":3,"2":3},"b":{"0":[0],"1":[1],"2":[3,1],"3":[3,1],"4":[3,1]}}
}
